00:00:00.000353 main     VirtualBox XPCOM Server 7.0.10 r158379 linux.amd64 (Aug 11 2023 12:19:51) release log
00:00:00.000355 main     Log opened 2023-08-17T00:32:45.665218000Z
00:00:00.000356 main     Build Type: release
00:00:00.000357 main     OS Product: Linux
00:00:00.000358 main     OS Release: 6.4.10-arch1-1
00:00:00.000359 main     OS Version: #1 SMP PREEMPT_DYNAMIC Fri, 11 Aug 2023 11:03:36 +0000
00:00:00.000376 main     DMI Product Name: iMac14,2
00:00:00.000383 main     DMI Product Version: 1.0
00:00:00.000386 main     Firmware type: UEFI
00:00:00.000395 main     Secure Boot: Disabled
00:00:00.000417 main     Host RAM: 15938MB (15.5GB) total, 13811MB (13.4GB) available
00:00:00.000419 main     Executable: /usr/lib/virtualbox/VBoxSVC
00:00:00.000419 main     Process ID: 4347
00:00:00.000419 main     Package type: LINUX_64BITS_GENERIC (OSE)
00:00:00.001661 main     IPC socket path: /tmp/.vbox-mparsons-ipc/ipcd
00:00:00.106998 nspr-2   VirtualBox: object creation starts
00:00:00.107082 nspr-2   Home directory: '/home/mparsons/.config/VirtualBox'
00:00:00.107204 nspr-2   Loading settings file "/home/mparsons/.config/VirtualBox/VirtualBox.xml" with version "1.12-linux"
00:00:00.108752 nspr-2   USB: Unknown USB device detected (idVendor: 0x1ea7, idProduct: 0x0066)
00:00:00.108836 nspr-2   Successfully initialised host USB using sysfs
00:00:00.109169 nspr-2   HostDnsMonitor: initializing
00:00:00.109311 nspr-2   NAT: resolv.conf: nameserver 127.0.0.53
00:00:00.109321 nspr-2   NAT: resolv.conf: ignoring "options edns0 trust-ad"
00:00:00.109339 nspr-2   HostDnsMonitor: updating information
00:00:00.109350 nspr-2   HostDnsMonitor: old information
00:00:00.109353 nspr-2     no server entries
00:00:00.109356 nspr-2     no domain set
00:00:00.109358 nspr-2     no search string entries
00:00:00.109361 nspr-2   HostDnsMonitor: new information
00:00:00.109374 nspr-2     server 1: 127.0.0.53
00:00:00.109377 nspr-2     domain: .
00:00:00.109379 nspr-2     search string 1: .
00:00:00.111361 nspr-2   VD: VDInit finished with VINF_SUCCESS
00:00:00.130987 nspr-2   Loading settings file "/home/mparsons/Developer/VM/Win7/Win7.vbox" with version "1.19-linux"
00:00:00.132361 nspr-2   OCI: Local config file '/home/mparsons/.config/VirtualBox/oci_config' does not exist
00:00:00.132389 nspr-2   OCI: Original config file '/home/mparsons/.oci/config' does not exist
00:00:00.132392 nspr-2   OCI: Reading profiles finished with status NS_OK
00:00:00.132397 nspr-2   ExtPack: Created cloud provider 'OCI' (hrc=NS_OK)
00:00:00.132437 nspr-2   VirtualBox: object created
00:00:00.722188 nspr-5   Load [/usr/lib/virtualbox/ExtensionPacks/Oracle_VM_VirtualBox_Extension_Pack/linux.amd64/VBoxHostWebcam.so] vrc=VINF_SUCCESS
00:00:00.766475 nspr-2   ERROR [COM]: aRC=VBOX_E_IPRT_ERROR (0x80bb0005) aIID={300763af-5d6b-46e6-aa96-273eac15538a} aComponent={SessionMachine} aText={Saved screenshot data is not available (VERR_NOT_SUPPORTED)}, preserve=false aResultDetail=-37
00:00:01.075363 nspr-2   ERROR [COM]: aRC=VBOX_E_OBJECT_NOT_FOUND (0x80bb0001) aIID={ad47ad09-787b-44ab-b343-a082a3f2dfb1} aComponent={MediumWrap} aText={Property 'CRYPT/KeyId' does not exist}, preserve=false aResultDetail=0
00:00:01.797638 nspr-4   Saving settings file "/home/mparsons/Developer/VM/Win7/Win7.vbox" with version "1.19-linux"
00:00:01.811299 nspr-4   Finished saving settings file "/home/mparsons/Developer/VM/Win7/Win7.vbox"
00:00:02.102655 nspr-3   Saving settings file "/home/mparsons/Developer/VM/Win7/Win7.vbox" with version "1.19-linux"
00:00:02.109728 nspr-3   Finished saving settings file "/home/mparsons/Developer/VM/Win7/Win7.vbox"
00:00:03.367190 nspr-4   Saving settings file "/home/mparsons/Developer/VM/Win7/Win7.vbox" with version "1.19-linux"
00:00:03.374592 nspr-4   Finished saving settings file "/home/mparsons/Developer/VM/Win7/Win7.vbox"
00:01:03.731857 nspr-5   Saving settings file "/home/mparsons/Developer/VM/Win7/Win7.vbox" with version "1.19-linux"
00:01:03.743145 nspr-5   Finished saving settings file "/home/mparsons/Developer/VM/Win7/Win7.vbox"
00:01:14.506069 nspr-2   Saving settings file "/home/mparsons/Developer/VM/Win7/Win7.vbox" with version "1.19-linux"
00:01:14.517331 nspr-2   Finished saving settings file "/home/mparsons/Developer/VM/Win7/Win7.vbox"
00:01:15.171319 nspr-4   Saving settings file "/home/mparsons/Developer/VM/Win7/Win7.vbox" with version "1.19-linux"
00:01:15.178545 nspr-4   Finished saving settings file "/home/mparsons/Developer/VM/Win7/Win7.vbox"
00:01:20.629825 nspr-4   Saving settings file "/home/mparsons/Developer/VM/Win7/Win7.vbox" with version "1.19-linux"
00:01:20.638507 nspr-4   Finished saving settings file "/home/mparsons/Developer/VM/Win7/Win7.vbox"
00:01:21.299229 nspr-3   Saving settings file "/home/mparsons/Developer/VM/Win7/Win7.vbox" with version "1.19-linux"
00:01:21.308927 nspr-3   Finished saving settings file "/home/mparsons/Developer/VM/Win7/Win7.vbox"
00:01:41.563851 nspr-5   ERROR [COM]: aRC=VBOX_E_INVALID_VM_STATE (0x80bb0002) aIID={300763af-5d6b-46e6-aa96-273eac15538a} aComponent={SessionMachine} aText={The machine is not mutable (state is Running)}, preserve=false aResultDetail=0
00:01:42.000254 nspr-3   Saving settings file "/home/mparsons/Developer/VM/Win7/Win7.vbox" with version "1.19-linux"
00:01:42.009167 nspr-3   Finished saving settings file "/home/mparsons/Developer/VM/Win7/Win7.vbox"
00:01:42.026001 nspr-3   ERROR [COM]: aRC=VBOX_E_INVALID_VM_STATE (0x80bb0002) aIID={300763af-5d6b-46e6-aa96-273eac15538a} aComponent={SessionMachine} aText={The machine is not mutable (state is Running)}, preserve=false aResultDetail=0
00:01:42.599665 nspr-2   Saving settings file "/home/mparsons/Developer/VM/Win7/Win7.vbox" with version "1.19-linux"
00:01:42.609779 nspr-2   Finished saving settings file "/home/mparsons/Developer/VM/Win7/Win7.vbox"
00:01:42.617955 nspr-3   ERROR [COM]: aRC=VBOX_E_INVALID_VM_STATE (0x80bb0002) aIID={300763af-5d6b-46e6-aa96-273eac15538a} aComponent={SessionMachine} aText={The machine is not mutable (state is Running)}, preserve=false aResultDetail=0
00:01:46.421246 nspr-2   Saving settings file "/home/mparsons/Developer/VM/Win7/Win7.vbox" with version "1.19-linux"
00:01:46.429578 nspr-2   Finished saving settings file "/home/mparsons/Developer/VM/Win7/Win7.vbox"
00:01:46.756638 nspr-2   Saving settings file "/home/mparsons/Developer/VM/Win7/Win7.vbox" with version "1.19-linux"
00:01:46.767757 nspr-2   Finished saving settings file "/home/mparsons/Developer/VM/Win7/Win7.vbox"
00:01:47.429391 nspr-4   Saving settings file "/home/mparsons/Developer/VM/Win7/Win7.vbox" with version "1.19-linux"
00:01:47.435705 nspr-4   Finished saving settings file "/home/mparsons/Developer/VM/Win7/Win7.vbox"
00:01:50.584290 nspr-5   Saving settings file "/home/mparsons/Developer/VM/Win7/Win7.vbox" with version "1.19-linux"
00:01:50.599665 nspr-5   Finished saving settings file "/home/mparsons/Developer/VM/Win7/Win7.vbox"
00:01:51.294181 nspr-2   Saving settings file "/home/mparsons/Developer/VM/Win7/Win7.vbox" with version "1.19-linux"
00:01:51.301217 nspr-2   Finished saving settings file "/home/mparsons/Developer/VM/Win7/Win7.vbox"
00:01:53.388424 nspr-2   Saving settings file "/home/mparsons/Developer/VM/Win7/Win7.vbox" with version "1.19-linux"
00:01:53.397923 nspr-2   Finished saving settings file "/home/mparsons/Developer/VM/Win7/Win7.vbox"
00:01:54.084608 nspr-3   Saving settings file "/home/mparsons/Developer/VM/Win7/Win7.vbox" with version "1.19-linux"
00:01:54.091352 nspr-3   Finished saving settings file "/home/mparsons/Developer/VM/Win7/Win7.vbox"
00:02:53.697664 nspr-2   Saving settings file "/home/mparsons/Developer/VM/Win7/Win7.vbox" with version "1.19-linux"
00:02:53.714493 nspr-2   Finished saving settings file "/home/mparsons/Developer/VM/Win7/Win7.vbox"
00:02:54.291629 nspr-2   Saving settings file "/home/mparsons/Developer/VM/Win7/Win7.vbox" with version "1.19-linux"
00:02:54.300635 nspr-2   Finished saving settings file "/home/mparsons/Developer/VM/Win7/Win7.vbox"
00:02:55.938960 nspr-2   Saving settings file "/home/mparsons/.config/VirtualBox/VirtualBox.xml" with version "1.12-linux"
00:02:55.947972 nspr-2   Finished saving settings file "/home/mparsons/.config/VirtualBox/VirtualBox.xml"
00:02:57.055944 nspr-4   Saving settings file "/home/mparsons/Developer/VM/Win7/Win7.vbox" with version "1.19-linux"
00:02:57.064296 nspr-4   Finished saving settings file "/home/mparsons/Developer/VM/Win7/Win7.vbox"
00:02:57.077861 nspr-3   Saving settings file "/home/mparsons/Developer/VM/Win7/Win7.vbox" with version "1.19-linux"
00:02:57.085943 nspr-3   Finished saving settings file "/home/mparsons/Developer/VM/Win7/Win7.vbox"
00:03:43.452724 nspr-3   ERROR [COM]: aRC=VBOX_E_IPRT_ERROR (0x80bb0005) aIID={300763af-5d6b-46e6-aa96-273eac15538a} aComponent={SessionMachine} aText={Saved screenshot data is not available (VERR_NOT_SUPPORTED)}, preserve=false aResultDetail=-37
00:03:43.466082 nspr-4   Saving settings file "/home/mparsons/Developer/VM/Win7/Win7.vbox" with version "1.19-linux"
00:03:43.474575 nspr-4   Finished saving settings file "/home/mparsons/Developer/VM/Win7/Win7.vbox"
00:03:44.492174 nspr-3   Saving settings file "/home/mparsons/Developer/VM/Win7/Win7.vbox" with version "1.19-linux"
00:03:44.504378 nspr-3   Finished saving settings file "/home/mparsons/Developer/VM/Win7/Win7.vbox"
00:03:50.131982 nspr-5   ERROR [COM]: aRC=VBOX_E_IPRT_ERROR (0x80bb0005) aIID={300763af-5d6b-46e6-aa96-273eac15538a} aComponent={SessionMachine} aText={Saved screenshot data is not available (VERR_NOT_SUPPORTED)}, preserve=false aResultDetail=-37
00:03:50.157015 nspr-4   Saving settings file "/home/mparsons/Developer/VM/Win7/Win7.vbox" with version "1.19-linux"
00:03:50.165067 nspr-4   Finished saving settings file "/home/mparsons/Developer/VM/Win7/Win7.vbox"
00:03:55.135234 nspr-3   Saving settings file "/home/mparsons/.config/VirtualBox/VirtualBox.xml" with version "1.12-linux"
00:03:55.146671 nspr-3   Finished saving settings file "/home/mparsons/.config/VirtualBox/VirtualBox.xml"
00:03:55.165258 nspr-3   ERROR [COM]: aRC=VBOX_E_IPRT_ERROR (0x80bb0005) aIID={300763af-5d6b-46e6-aa96-273eac15538a} aComponent={SessionMachine} aText={Saved screenshot data is not available (VERR_NOT_SUPPORTED)}, preserve=false aResultDetail=-37
00:03:55.180637 nspr-2   Saving settings file "/home/mparsons/Developer/VM/Win7/Win7.vbox" with version "1.19-linux"
00:03:55.187356 nspr-2   Finished saving settings file "/home/mparsons/Developer/VM/Win7/Win7.vbox"
00:03:56.792462 nspr-3   ERROR [COM]: aRC=VBOX_E_IPRT_ERROR (0x80bb0005) aIID={300763af-5d6b-46e6-aa96-273eac15538a} aComponent={SessionMachine} aText={Saved screenshot data is not available (VERR_NOT_SUPPORTED)}, preserve=false aResultDetail=-37
00:03:56.818470 nspr-4   Saving settings file "/home/mparsons/Developer/VM/Win7/Win7.vbox" with version "1.19-linux"
00:03:56.826449 nspr-4   Finished saving settings file "/home/mparsons/Developer/VM/Win7/Win7.vbox"
00:03:57.907138 nspr-4   ERROR [COM]: aRC=VBOX_E_IPRT_ERROR (0x80bb0005) aIID={300763af-5d6b-46e6-aa96-273eac15538a} aComponent={SessionMachine} aText={Saved screenshot data is not available (VERR_NOT_SUPPORTED)}, preserve=false aResultDetail=-37
00:03:57.916935 nspr-4   Saving settings file "/home/mparsons/Developer/VM/Win7/Win7.vbox" with version "1.19-linux"
00:03:57.923670 nspr-4   Finished saving settings file "/home/mparsons/Developer/VM/Win7/Win7.vbox"
00:03:59.882696 nspr-2   ERROR [COM]: aRC=VBOX_E_IPRT_ERROR (0x80bb0005) aIID={300763af-5d6b-46e6-aa96-273eac15538a} aComponent={SessionMachine} aText={Saved screenshot data is not available (VERR_NOT_SUPPORTED)}, preserve=false aResultDetail=-37
00:03:59.909446 nspr-2   Saving settings file "/home/mparsons/Developer/VM/Win7/Win7.vbox" with version "1.19-linux"
00:03:59.920634 nspr-2   Finished saving settings file "/home/mparsons/Developer/VM/Win7/Win7.vbox"
00:04:16.341447 nspr-3   Load [/usr/lib/virtualbox/ExtensionPacks/Oracle_VM_VirtualBox_Extension_Pack/linux.amd64/VBoxHostWebcam.so] vrc=VINF_SUCCESS
00:04:18.165336 nspr-3   Load [/usr/lib/virtualbox/ExtensionPacks/Oracle_VM_VirtualBox_Extension_Pack/linux.amd64/VBoxHostWebcam.so] vrc=VINF_SUCCESS
00:04:21.515122 nspr-4   Load [/usr/lib/virtualbox/ExtensionPacks/Oracle_VM_VirtualBox_Extension_Pack/linux.amd64/VBoxHostWebcam.so] vrc=VINF_SUCCESS
00:04:56.614565 nspr-4   Saving settings file "/home/mparsons/.config/VirtualBox/VirtualBox.xml" with version "1.12-linux"
00:04:56.626044 nspr-4   Finished saving settings file "/home/mparsons/.config/VirtualBox/VirtualBox.xml"
00:04:56.650889 nspr-3   ERROR [COM]: aRC=VBOX_E_IPRT_ERROR (0x80bb0005) aIID={300763af-5d6b-46e6-aa96-273eac15538a} aComponent={SessionMachine} aText={Saved screenshot data is not available (VERR_NOT_SUPPORTED)}, preserve=false aResultDetail=-37
00:04:56.680904 nspr-4   Saving settings file "/home/mparsons/Developer/VM/Win7/Win7.vbox" with version "1.19-linux"
00:04:56.687537 nspr-4   Finished saving settings file "/home/mparsons/Developer/VM/Win7/Win7.vbox"
00:05:15.622895 nspr-3   ERROR [COM]: aRC=VBOX_E_IPRT_ERROR (0x80bb0005) aIID={300763af-5d6b-46e6-aa96-273eac15538a} aComponent={SessionMachine} aText={Saved screenshot data is not available (VERR_NOT_SUPPORTED)}, preserve=false aResultDetail=-37
00:05:15.646460 nspr-2   Saving settings file "/home/mparsons/Developer/VM/Win7/Win7.vbox" with version "1.19-linux"
00:05:15.654890 nspr-2   Finished saving settings file "/home/mparsons/Developer/VM/Win7/Win7.vbox"
00:05:15.681478 nspr-5   Saving settings file "/home/mparsons/Developer/VM/Win7/Win7.vbox" with version "1.19-linux"
00:05:15.688368 nspr-5   Finished saving settings file "/home/mparsons/Developer/VM/Win7/Win7.vbox"
00:05:15.935482 nspr-4   Saving settings file "/home/mparsons/Developer/VM/Win7/Win7.vbox" with version "1.19-linux"
00:05:15.943843 nspr-4   Finished saving settings file "/home/mparsons/Developer/VM/Win7/Win7.vbox"
00:05:22.365425 nspr-5   ERROR [COM]: aRC=VBOX_E_IPRT_ERROR (0x80bb0005) aIID={300763af-5d6b-46e6-aa96-273eac15538a} aComponent={SessionMachine} aText={Saved screenshot data is not available (VERR_NOT_SUPPORTED)}, preserve=false aResultDetail=-37
00:05:22.378655 nspr-2   Saving settings file "/home/mparsons/Developer/VM/Win7/Win7.vbox" with version "1.19-linux"
00:05:22.386847 nspr-2   Finished saving settings file "/home/mparsons/Developer/VM/Win7/Win7.vbox"
00:05:30.050840 nspr-3   ERROR [COM]: aRC=VBOX_E_IPRT_ERROR (0x80bb0005) aIID={300763af-5d6b-46e6-aa96-273eac15538a} aComponent={SessionMachine} aText={Saved screenshot data is not available (VERR_NOT_SUPPORTED)}, preserve=false aResultDetail=-37
00:05:30.083591 nspr-4   Saving settings file "/home/mparsons/Developer/VM/Win7/Win7.vbox" with version "1.19-linux"
00:05:30.091566 nspr-4   Finished saving settings file "/home/mparsons/Developer/VM/Win7/Win7.vbox"
00:05:39.997125 nspr-5   Saving settings file "/home/mparsons/Developer/VM/Win7/Win7.vbox" with version "1.19-linux"
00:05:40.009192 nspr-5   Finished saving settings file "/home/mparsons/Developer/VM/Win7/Win7.vbox"
00:05:42.787255 nspr-4   Saving settings file "/home/mparsons/Developer/VM/Win7/Win7.vbox" with version "1.19-linux"
00:05:42.795792 nspr-4   Finished saving settings file "/home/mparsons/Developer/VM/Win7/Win7.vbox"
00:06:03.761650 nspr-4   Saving settings file "/home/mparsons/Developer/VM/Win7/Win7.vbox" with version "1.19-linux"
00:06:03.768371 nspr-4   Finished saving settings file "/home/mparsons/Developer/VM/Win7/Win7.vbox"
00:06:09.018705 nspr-3   Saving settings file "/home/mparsons/Developer/VM/Win7/Win7.vbox" with version "1.19-linux"
00:06:09.026992 nspr-3   Finished saving settings file "/home/mparsons/Developer/VM/Win7/Win7.vbox"
00:06:35.922465 nspr-2   ERROR [COM]: aRC=VBOX_E_IPRT_ERROR (0x80bb0005) aIID={300763af-5d6b-46e6-aa96-273eac15538a} aComponent={SessionMachine} aText={Saved screenshot data is not available (VERR_NOT_SUPPORTED)}, preserve=false aResultDetail=-37
00:06:35.954811 nspr-2   Saving settings file "/home/mparsons/Developer/VM/Win7/Win7.vbox" with version "1.19-linux"
00:06:35.963446 nspr-2   Finished saving settings file "/home/mparsons/Developer/VM/Win7/Win7.vbox"
00:06:54.883095 nspr-2   ERROR [COM]: aRC=VBOX_E_IPRT_ERROR (0x80bb0005) aIID={300763af-5d6b-46e6-aa96-273eac15538a} aComponent={SessionMachine} aText={Saved screenshot data is not available (VERR_NOT_SUPPORTED)}, preserve=false aResultDetail=-37
00:06:54.911816 nspr-2   Saving settings file "/home/mparsons/Developer/VM/Win7/Win7.vbox" with version "1.19-linux"
00:06:54.919690 nspr-2   Finished saving settings file "/home/mparsons/Developer/VM/Win7/Win7.vbox"
00:07:11.185787 nspr-2   Saving settings file "/home/mparsons/Developer/VM/Win7/Win7.vbox" with version "1.19-linux"
00:07:11.196934 nspr-2   Finished saving settings file "/home/mparsons/Developer/VM/Win7/Win7.vbox"
00:08:19.020998 nspr-3   ERROR [COM]: aRC=VBOX_E_IPRT_ERROR (0x80bb0005) aIID={300763af-5d6b-46e6-aa96-273eac15538a} aComponent={SessionMachine} aText={Saved screenshot data is not available (VERR_NOT_SUPPORTED)}, preserve=false aResultDetail=-37
00:08:19.036069 nspr-3   Saving settings file "/home/mparsons/Developer/VM/Win7/Win7.vbox" with version "1.19-linux"
00:08:19.045763 nspr-3   Finished saving settings file "/home/mparsons/Developer/VM/Win7/Win7.vbox"
